<?xml version="1.0" encoding="UTF-8"?>
<!-- Generated by org.testng.reporters.JUnitReportReporter -->
<testsuite hostname="Ravi" name="myPackage.loanCalc" tests="1" failures="0" timestamp="18 Apr 2016 15:41:50 GMT" time="31.159" errors="0">
  <testcase name="mainclass" time="31.159" classname="myPackage.loanCalc"/>
</testsuite> <!-- myPackage.loanCalc -->
